0 info it worked if it ends with ok
1 verbose cli [ '/usr/local/Cellar/node/6.3.0/bin/node',
1 verbose cli   '/usr/local/bin/npm',
1 verbose cli   'install',
1 verbose cli   '-g',
1 verbose cli   'go',
1 verbose cli   'tsserver',
1 verbose cli   'cargo' ]
2 info using npm@3.10.3
3 info using node@v6.3.0
4 silly loadCurrentTree Starting
5 silly install loadCurrentTree
6 silly install readGlobalPackageData
7 silly fetchPackageMetaData go
8 silly fetchPackageMetaData tsserver
9 silly fetchPackageMetaData cargo
10 silly fetchNamedPackageData go
11 silly mapToRegistry name go
12 silly mapToRegistry using default registry
13 silly mapToRegistry registry https://registry.npmjs.org/
14 silly mapToRegistry data Result {
14 silly mapToRegistry   raw: 'go',
14 silly mapToRegistry   scope: null,
14 silly mapToRegistry   escapedName: 'go',
14 silly mapToRegistry   name: 'go',
14 silly mapToRegistry   rawSpec: '',
14 silly mapToRegistry   spec: 'latest',
14 silly mapToRegistry   type: 'tag' }
15 silly mapToRegistry uri https://registry.npmjs.org/go
16 silly fetchNamedPackageData tsserver
17 silly mapToRegistry name tsserver
18 silly mapToRegistry using default registry
19 silly mapToRegistry registry https://registry.npmjs.org/
20 silly mapToRegistry data Result {
20 silly mapToRegistry   raw: 'tsserver',
20 silly mapToRegistry   scope: null,
20 silly mapToRegistry   escapedName: 'tsserver',
20 silly mapToRegistry   name: 'tsserver',
20 silly mapToRegistry   rawSpec: '',
20 silly mapToRegistry   spec: 'latest',
20 silly mapToRegistry   type: 'tag' }
21 silly mapToRegistry uri https://registry.npmjs.org/tsserver
22 silly fetchNamedPackageData cargo
23 silly mapToRegistry name cargo
24 silly mapToRegistry using default registry
25 silly mapToRegistry registry https://registry.npmjs.org/
26 silly mapToRegistry data Result {
26 silly mapToRegistry   raw: 'cargo',
26 silly mapToRegistry   scope: null,
26 silly mapToRegistry   escapedName: 'cargo',
26 silly mapToRegistry   name: 'cargo',
26 silly mapToRegistry   rawSpec: '',
26 silly mapToRegistry   spec: 'latest',
26 silly mapToRegistry   type: 'tag' }
27 silly mapToRegistry uri https://registry.npmjs.org/cargo
28 verbose request uri https://registry.npmjs.org/tsserver
29 verbose request no auth needed
30 info attempt registry request try #1 at 4:41:04 PM
31 verbose request id 7cc111f4f33230f0
32 http request GET https://registry.npmjs.org/tsserver
33 verbose request uri https://registry.npmjs.org/cargo
34 verbose request no auth needed
35 info attempt registry request try #1 at 4:41:04 PM
36 verbose etag W/"53724ee5-319e"
37 verbose lastModified Tue, 13 May 2014 16:57:09 GMT
38 http request GET https://registry.npmjs.org/cargo
39 verbose request uri https://registry.npmjs.org/go
40 verbose request no auth needed
41 info attempt registry request try #1 at 4:41:04 PM
42 verbose etag W/"57084db4-1122"
43 verbose lastModified Sat, 09 Apr 2016 00:32:52 GMT
44 http request GET https://registry.npmjs.org/go
45 http 304 https://registry.npmjs.org/cargo
46 verbose headers { date: 'Fri, 10 Feb 2017 03:41:04 GMT',
46 verbose headers   via: '1.1 varnish',
46 verbose headers   'cache-control': 'max-age=300',
46 verbose headers   etag: 'W/"53724ee5-319e"',
46 verbose headers   age: '16',
46 verbose headers   connection: 'keep-alive',
46 verbose headers   'x-served-by': 'cache-akl6420-AKL',
46 verbose headers   'x-cache': 'HIT',
46 verbose headers   'x-cache-hits': '1',
46 verbose headers   'x-timer': 'S1486698064.619919,VS0,VE0',
46 verbose headers   vary: 'Accept-Encoding' }
47 silly get cb [ 304,
47 silly get   { date: 'Fri, 10 Feb 2017 03:41:04 GMT',
47 silly get     via: '1.1 varnish',
47 silly get     'cache-control': 'max-age=300',
47 silly get     etag: 'W/"53724ee5-319e"',
47 silly get     age: '16',
47 silly get     connection: 'keep-alive',
47 silly get     'x-served-by': 'cache-akl6420-AKL',
47 silly get     'x-cache': 'HIT',
47 silly get     'x-cache-hits': '1',
47 silly get     'x-timer': 'S1486698064.619919,VS0,VE0',
47 silly get     vary: 'Accept-Encoding' } ]
48 verbose etag https://registry.npmjs.org/cargo from cache
49 verbose get saving cargo to /Users/liam/.npm/registry.npmjs.org/cargo/.cache.json
50 verbose correctMkdir /Users/liam/.npm correctMkdir not in flight; initializing
51 http 304 https://registry.npmjs.org/go
52 verbose headers { date: 'Fri, 10 Feb 2017 03:41:04 GMT',
52 verbose headers   via: '1.1 varnish',
52 verbose headers   'cache-control': 'max-age=300',
52 verbose headers   etag: 'W/"57084db4-1122"',
52 verbose headers   age: '16',
52 verbose headers   connection: 'keep-alive',
52 verbose headers   'x-served-by': 'cache-akl6420-AKL',
52 verbose headers   'x-cache': 'HIT',
52 verbose headers   'x-cache-hits': '1',
52 verbose headers   'x-timer': 'S1486698064.622122,VS0,VE0',
52 verbose headers   vary: 'Accept-Encoding' }
53 silly get cb [ 304,
53 silly get   { date: 'Fri, 10 Feb 2017 03:41:04 GMT',
53 silly get     via: '1.1 varnish',
53 silly get     'cache-control': 'max-age=300',
53 silly get     etag: 'W/"57084db4-1122"',
53 silly get     age: '16',
53 silly get     connection: 'keep-alive',
53 silly get     'x-served-by': 'cache-akl6420-AKL',
53 silly get     'x-cache': 'HIT',
53 silly get     'x-cache-hits': '1',
53 silly get     'x-timer': 'S1486698064.622122,VS0,VE0',
53 silly get     vary: 'Accept-Encoding' } ]
54 verbose etag https://registry.npmjs.org/go from cache
55 verbose get saving go to /Users/liam/.npm/registry.npmjs.org/go/.cache.json
56 verbose correctMkdir /Users/liam/.npm correctMkdir already in flight; waiting
57 http 404 https://registry.npmjs.org/tsserver
58 verbose headers { 'content-type': 'application/json',
58 verbose headers   'cache-control': 'max-age=0',
58 verbose headers   'content-length': '2',
58 verbose headers   'accept-ranges': 'bytes',
58 verbose headers   date: 'Fri, 10 Feb 2017 03:41:05 GMT',
58 verbose headers   via: '1.1 varnish',
58 verbose headers   age: '0',
58 verbose headers   connection: 'keep-alive',
58 verbose headers   'x-served-by': 'cache-akl6421-AKL',
58 verbose headers   'x-cache': 'MISS',
58 verbose headers   'x-cache-hits': '0',
58 verbose headers   'x-timer': 'S1486698064.629773,VS0,VE855',
58 verbose headers   vary: 'Accept-Encoding' }
59 silly get cb [ 404,
59 silly get   { 'content-type': 'application/json',
59 silly get     'cache-control': 'max-age=0',
59 silly get     'content-length': '2',
59 silly get     'accept-ranges': 'bytes',
59 silly get     date: 'Fri, 10 Feb 2017 03:41:05 GMT',
59 silly get     via: '1.1 varnish',
59 silly get     age: '0',
59 silly get     connection: 'keep-alive',
59 silly get     'x-served-by': 'cache-akl6421-AKL',
59 silly get     'x-cache': 'MISS',
59 silly get     'x-cache-hits': '0',
59 silly get     'x-timer': 'S1486698064.629773,VS0,VE855',
59 silly get     vary: 'Accept-Encoding' } ]
60 silly fetchPackageMetaData Error: Registry returned 404 for GET on https://registry.npmjs.org/tsserver
60 silly fetchPackageMetaData     at makeError (/usr/local/lib/node_modules/npm/node_modules/npm-registry-client/lib/request.js:264:12)
60 silly fetchPackageMetaData     at CachingRegistryClient.<anonymous> (/usr/local/lib/node_modules/npm/node_modules/npm-registry-client/lib/request.js:242:14)
60 silly fetchPackageMetaData     at Request._callback (/usr/local/lib/node_modules/npm/node_modules/npm-registry-client/lib/request.js:172:14)
60 silly fetchPackageMetaData     at Request.self.callback (/usr/local/lib/node_modules/npm/node_modules/request/request.js:200:22)
60 silly fetchPackageMetaData     at emitTwo (events.js:106:13)
60 silly fetchPackageMetaData     at Request.emit (events.js:191:7)
60 silly fetchPackageMetaData     at Request.<anonymous> (/usr/local/lib/node_modules/npm/node_modules/request/request.js:1067:10)
60 silly fetchPackageMetaData     at emitOne (events.js:101:20)
60 silly fetchPackageMetaData     at Request.emit (events.js:188:7)
60 silly fetchPackageMetaData     at IncomingMessage.<anonymous> (/usr/local/lib/node_modules/npm/node_modules/request/request.js:988:12)
60 silly fetchPackageMetaData  error for tsserver { Error: Registry returned 404 for GET on https://registry.npmjs.org/tsserver
60 silly fetchPackageMetaData     at makeError (/usr/local/lib/node_modules/npm/node_modules/npm-registry-client/lib/request.js:264:12)
60 silly fetchPackageMetaData     at CachingRegistryClient.<anonymous> (/usr/local/lib/node_modules/npm/node_modules/npm-registry-client/lib/request.js:242:14)
60 silly fetchPackageMetaData     at Request._callback (/usr/local/lib/node_modules/npm/node_modules/npm-registry-client/lib/request.js:172:14)
60 silly fetchPackageMetaData     at Request.self.callback (/usr/local/lib/node_modules/npm/node_modules/request/request.js:200:22)
60 silly fetchPackageMetaData     at emitTwo (events.js:106:13)
60 silly fetchPackageMetaData     at Request.emit (events.js:191:7)
60 silly fetchPackageMetaData     at Request.<anonymous> (/usr/local/lib/node_modules/npm/node_modules/request/request.js:1067:10)
60 silly fetchPackageMetaData     at emitOne (events.js:101:20)
60 silly fetchPackageMetaData     at Request.emit (events.js:188:7)
60 silly fetchPackageMetaData     at IncomingMessage.<anonymous> (/usr/local/lib/node_modules/npm/node_modules/request/request.js:988:12) pkgid: 'tsserver', statusCode: 404, code: 'E404' }
61 silly rollbackFailedOptional Starting
62 silly rollbackFailedOptional Finishing
63 silly runTopLevelLifecycles Starting
64 silly runTopLevelLifecycles Finishing
65 silly install printInstalled
66 verbose stack Error: Registry returned 404 for GET on https://registry.npmjs.org/tsserver
66 verbose stack     at makeError (/usr/local/lib/node_modules/npm/node_modules/npm-registry-client/lib/request.js:264:12)
66 verbose stack     at CachingRegistryClient.<anonymous> (/usr/local/lib/node_modules/npm/node_modules/npm-registry-client/lib/request.js:242:14)
66 verbose stack     at Request._callback (/usr/local/lib/node_modules/npm/node_modules/npm-registry-client/lib/request.js:172:14)
66 verbose stack     at Request.self.callback (/usr/local/lib/node_modules/npm/node_modules/request/request.js:200:22)
66 verbose stack     at emitTwo (events.js:106:13)
66 verbose stack     at Request.emit (events.js:191:7)
66 verbose stack     at Request.<anonymous> (/usr/local/lib/node_modules/npm/node_modules/request/request.js:1067:10)
66 verbose stack     at emitOne (events.js:101:20)
66 verbose stack     at Request.emit (events.js:188:7)
66 verbose stack     at IncomingMessage.<anonymous> (/usr/local/lib/node_modules/npm/node_modules/request/request.js:988:12)
67 verbose statusCode 404
68 verbose pkgid tsserver
69 verbose cwd /Users/liam/.vim/bundle
70 error Darwin 15.6.0
71 error argv "/usr/local/Cellar/node/6.3.0/bin/node" "/usr/local/bin/npm" "install" "-g" "go" "tsserver" "cargo"
72 error node v6.3.0
73 error npm  v3.10.3
74 error code E404
75 error 404 Registry returned 404 for GET on https://registry.npmjs.org/tsserver
76 error 404
77 error 404 'tsserver' is not in the npm registry.
78 error 404 You should bug the author to publish it (or use the name yourself!)
79 error 404 Note that you can also install from a
80 error 404 tarball, folder, http url, or git url.
81 verbose exit [ 1, true ]
